app/build/intermediates/manifest_merge_blame_file/proguard/manifest-merger-blame-proguard-report.txt
1<?xml version="1.0" encoding="utf-8"?>
2<manifest xmlns:android="http://schemas.android.com/apk/res/android"
3    package="com.google.mlkit.vision.demo"
4    android:installLocation="auto"
5    android:versionCode="11"
6    android:versionName="1.11" >
7    <!--
8 CameraX libraries require minSdkVersion 21, while this quickstart app
9    supports low to 16. Needs to use overrideLibrary to make the merger tool
10    ignore this conflict and import the libraries while keeping the app's lower
11    minSdkVersion value. In code, will check SDK version, before calling CameraX
12    APIs.
13    -->
14    <uses-sdk
14-->src\main\AndroidManifest.xml:12:5-15:63
15        android:minSdkVersion="16"
15-->src\main\AndroidManifest.xml:12:5-15:63
16        android:targetSdkVersion="30" />
16-->src\main\AndroidManifest.xml:12:5-15:63
17
18    <uses-feature android:name="android.hardware.camera" />
18-->src\main\AndroidManifest.xml:17:5-59
18-->src\main\AndroidManifest.xml:17:19-57
19
20    <uses-permission android:name="android.permission.INTERNET" />
20-->src\main\AndroidManifest.xml:19:5-66
20-->src\main\AndroidManifest.xml:19:22-64
21    <uses-permission android:name="android.permission.WRITE_EXTERNAL_STORAGE" />
21-->src\main\AndroidManifest.xml:20:5-80
21-->src\main\AndroidManifest.xml:20:22-78
22    <uses-permission android:name="android.permission.READ_EXTERNAL_STORAGE" />
22-->src\main\AndroidManifest.xml:21:5-79
22-->src\main\AndroidManifest.xml:21:22-77
23    <uses-permission android:name="android.permission.CAMERA" />
23-->src\main\AndroidManifest.xml:22:5-64
23-->src\main\AndroidManifest.xml:22:22-62
24
25    <queries>
25-->src\main\AndroidManifest.xml:62:5-66:15
26        <intent>
26-->src\main\AndroidManifest.xml:63:9-65:18
27            <action android:name="android.media.action.IMAGE_CAPTURE" />
27-->src\main\AndroidManifest.xml:64:13-73
27-->src\main\AndroidManifest.xml:64:21-70
28        </intent>
29    </queries>
30
31    <!-- Although the *SdkVersion is captured in gradle build files, this is required for non gradle builds -->
32    <!-- <uses-sdk android:minSdkVersion="14"/> -->
33    <uses-permission android:name="android.permission.ACCESS_NETWORK_STATE" />
33-->[com.google.android.datatransport:transport-backend-cct:2.3.3] AndroidManifest.xml:25:5-79
33-->[com.google.android.datatransport:transport-backend-cct:2.3.3] AndroidManifest.xml:25:22-76
34
35    <application
35-->src\main\AndroidManifest.xml:24:5-61:19
36        android:name="androidx.multidex.MultiDexApplication"
36-->src\main\AndroidManifest.xml:25:9-61
37        android:appComponentFactory="androidx.core.app.CoreComponentFactory"
37-->[androidx.core:core:1.3.1] AndroidManifest.xml:24:18-86
38        android:debuggable="true"
39        android:icon="@drawable/logo_mlkit"
39-->src\main\AndroidManifest.xml:26:9-44
40        android:label="@string/app_name"
40-->src\main\AndroidManifest.xml:27:9-41
41        android:testOnly="true"
42        android:theme="@style/Theme.AppCompat" >
42-->src\main\AndroidManifest.xml:28:9-47
43        <meta-data
43-->src\main\AndroidManifest.xml:30:9-32:68
44            android:name="com.google.android.gms.version"
44-->src\main\AndroidManifest.xml:31:13-58
45            android:value="@integer/google_play_services_version" />
45-->src\main\AndroidManifest.xml:32:13-66
46
47        <!--
48          Optional: Add it to automatically download ML model to device after
49          your app is installed.
50        -->
51        <meta-data
51-->src\main\AndroidManifest.xml:36:9-38:51
52            android:name="com.google.mlkit.vision.DEPENDENCIES"
52-->src\main\AndroidManifest.xml:37:13-64
53            android:value="barcode,face,ocr,ica" />
53-->src\main\AndroidManifest.xml:38:13-49
54
55        <activity
55-->src\main\AndroidManifest.xml:40:9-48:20
56            android:name="com.google.mlkit.vision.demo.java.ChooserActivity"
56-->src\main\AndroidManifest.xml:41:13-49
57            android:exported="true"
57-->src\main\AndroidManifest.xml:42:13-36
58            android:theme="@style/AppTheme" >
58-->src\main\AndroidManifest.xml:43:13-44
59            <intent-filter>
59-->src\main\AndroidManifest.xml:44:13-47:29
60                <action android:name="android.intent.action.MAIN" />
60-->src\main\AndroidManifest.xml:45:17-68
60-->src\main\AndroidManifest.xml:45:25-66
61
62                <category android:name="android.intent.category.LAUNCHER" />
62-->src\main\AndroidManifest.xml:46:17-76
62-->src\main\AndroidManifest.xml:46:27-74
63            </intent-filter>
64        </activity>
65        <activity
65-->src\main\AndroidManifest.xml:50:9-54:20
66            android:name="com.google.mlkit.vision.demo.java.CameraXLivePreviewActivity"
66-->src\main\AndroidManifest.xml:51:13-60
67            android:exported="true"
67-->src\main\AndroidManifest.xml:52:13-36
68            android:theme="@style/AppTheme" >
68-->src\main\AndroidManifest.xml:53:13-44
69        </activity>
70        <activity
70-->src\main\AndroidManifest.xml:57:9-59:39
71            android:name="com.google.mlkit.vision.demo.preference.SettingsActivity"
71-->src\main\AndroidManifest.xml:58:13-56
72            android:exported="false" />
72-->src\main\AndroidManifest.xml:59:13-37
73
74        <service
74-->[com.google.mlkit:object-detection:16.2.6] AndroidManifest.xml:8:9-14:19
75            android:name="com.google.mlkit.common.internal.MlKitComponentDiscoveryService"
75-->[com.google.mlkit:object-detection:16.2.6] AndroidManifest.xml:9:13-91
76            android:directBootAware="true"
76-->[com.google.mlkit:common:17.3.0] AndroidManifest.xml:17:13-43
77            android:exported="false" >
77-->[com.google.mlkit:object-detection:16.2.6] AndroidManifest.xml:10:13-37
78            <meta-data
78-->[com.google.mlkit:object-detection:16.2.6] AndroidManifest.xml:11:13-13:85
79                android:name="com.google.firebase.components:com.google.mlkit.vision.objects.defaults.internal.DefaultObjectsRegistrar"
79-->[com.google.mlkit:object-detection:16.2.6] AndroidManifest.xml:12:17-136
80                android:value="com.google.firebase.components.ComponentRegistrar" />
80-->[com.google.mlkit:object-detection:16.2.6] AndroidManifest.xml:13:17-82
81            <meta-data
81-->[com.google.mlkit:object-detection-custom:16.3.3] AndroidManifest.xml:11:13-13:85
82                android:name="com.google.firebase.components:com.google.mlkit.vision.objects.custom.internal.CustomObjectsRegistrar"
82-->[com.google.mlkit:object-detection-custom:16.3.3] AndroidManifest.xml:12:17-133
83                android:value="com.google.firebase.components.ComponentRegistrar" />
83-->[com.google.mlkit:object-detection-custom:16.3.3] AndroidManifest.xml:13:17-82
84            <meta-data
84-->[com.google.mlkit:image-labeling:17.0.5] AndroidManifest.xml:11:13-13:85
85                android:name="com.google.firebase.components:com.google.mlkit.vision.label.defaults.internal.BundledLabelRegistrar"
85-->[com.google.mlkit:image-labeling:17.0.5] AndroidManifest.xml:12:17-132
86                android:value="com.google.firebase.components.ComponentRegistrar" />
86-->[com.google.mlkit:image-labeling:17.0.5] AndroidManifest.xml:13:17-82
87            <meta-data
87-->[com.google.mlkit:image-labeling-custom:16.3.1] AndroidManifest.xml:11:13-13:85
88                android:name="com.google.firebase.components:com.google.mlkit.vision.label.custom.internal.CustomLabelRegistrar"
88-->[com.google.mlkit:image-labeling-custom:16.3.1] AndroidManifest.xml:12:17-129
89                android:value="com.google.firebase.components.ComponentRegistrar" />
89-->[com.google.mlkit:image-labeling-custom:16.3.1] AndroidManifest.xml:13:17-82
90            <meta-data
90-->[com.google.mlkit:segmentation-selfie:16.0.0-beta2] AndroidManifest.xml:12:13-14:85
91                android:name="com.google.firebase.components:com.google.mlkit.vision.segmentation.internal.SegmentationRegistrar"
91-->[com.google.mlkit:segmentation-selfie:16.0.0-beta2] AndroidManifest.xml:13:17-130
92                android:value="com.google.firebase.components.ComponentRegistrar" />
92-->[com.google.mlkit:segmentation-selfie:16.0.0-beta2] AndroidManifest.xml:14:17-82
93            <meta-data
93-->[com.google.android.gms:play-services-mlkit-barcode-scanning:16.2.1] AndroidManifest.xml:12:13-14:85
94                android:name="com.google.firebase.components:com.google.mlkit.vision.barcode.internal.BarcodeRegistrar"
94-->[com.google.android.gms:play-services-mlkit-barcode-scanning:16.2.1] AndroidManifest.xml:13:17-120
95                android:value="com.google.firebase.components.ComponentRegistrar" />
95-->[com.google.android.gms:play-services-mlkit-barcode-scanning:16.2.1] AndroidManifest.xml:14:17-82
96            <meta-data
96-->[com.google.mlkit:vision-internal-vkp:18.1.1] AndroidManifest.xml:11:13-13:85
97                android:name="com.google.firebase.components:com.google.mlkit.vision.vkp.VkpRegistrar"
97-->[com.google.mlkit:vision-internal-vkp:18.1.1] AndroidManifest.xml:12:17-103
98                android:value="com.google.firebase.components.ComponentRegistrar" />
98-->[com.google.mlkit:vision-internal-vkp:18.1.1] AndroidManifest.xml:13:17-82
99            <meta-data
99-->[com.google.android.gms:play-services-mlkit-face-detection:16.2.0] AndroidManifest.xml:12:13-14:85
100                android:name="com.google.firebase.components:com.google.mlkit.vision.face.internal.FaceRegistrar"
100-->[com.google.android.gms:play-services-mlkit-face-detection:16.2.0] AndroidManifest.xml:13:17-114
101                android:value="com.google.firebase.components.ComponentRegistrar" />
101-->[com.google.android.gms:play-services-mlkit-face-detection:16.2.0] AndroidManifest.xml:14:17-82
102            <meta-data
102-->[com.google.android.gms:play-services-mlkit-text-recognition-common:16.0.0] AndroidManifest.xml:12:13-14:85
103                android:name="com.google.firebase.components:com.google.mlkit.vision.text.internal.TextRegistrar"
103-->[com.google.android.gms:play-services-mlkit-text-recognition-common:16.0.0] AndroidManifest.xml:13:17-114
104                android:value="com.google.firebase.components.ComponentRegistrar" />
104-->[com.google.android.gms:play-services-mlkit-text-recognition-common:16.0.0] AndroidManifest.xml:14:17-82
105            <meta-data
105-->[com.google.mlkit:pose-detection-common:17.1.0-beta4] AndroidManifest.xml:11:13-13:85
106                android:name="com.google.firebase.components:com.google.mlkit.vision.pose.internal.PoseRegistrar"
106-->[com.google.mlkit:pose-detection-common:17.1.0-beta4] AndroidManifest.xml:12:17-114
107                android:value="com.google.firebase.components.ComponentRegistrar" />
107-->[com.google.mlkit:pose-detection-common:17.1.0-beta4] AndroidManifest.xml:13:17-82
108            <meta-data
108-->[com.google.mlkit:vision-common:16.5.0] AndroidManifest.xml:12:13-14:85
109                android:name="com.google.firebase.components:com.google.mlkit.vision.common.internal.VisionCommonRegistrar"
109-->[com.google.mlkit:vision-common:16.5.0] AndroidManifest.xml:13:17-124
110                android:value="com.google.firebase.components.ComponentRegistrar" />
110-->[com.google.mlkit:vision-common:16.5.0] AndroidManifest.xml:14:17-82
111            <meta-data
111-->[com.google.mlkit:common:17.3.0] AndroidManifest.xml:20:13-22:85
112                android:name="com.google.firebase.components:com.google.mlkit.common.internal.CommonComponentRegistrar"
112-->[com.google.mlkit:common:17.3.0] AndroidManifest.xml:21:17-120
113                android:value="com.google.firebase.components.ComponentRegistrar" />
113-->[com.google.mlkit:common:17.3.0] AndroidManifest.xml:22:17-82
114        </service>
115
116        <provider
116-->[com.google.mlkit:common:17.3.0] AndroidManifest.xml:9:9-13:38
117            android:name="com.google.mlkit.common.internal.MlKitInitProvider"
117-->[com.google.mlkit:common:17.3.0] AndroidManifest.xml:10:13-78
118            android:authorities="com.google.mlkit.vision.demo.mlkitinitprovider"
118-->[com.google.mlkit:common:17.3.0] AndroidManifest.xml:11:13-69
119            android:exported="false"
119-->[com.google.mlkit:common:17.3.0] AndroidManifest.xml:12:13-37
120            android:initOrder="99" />
120-->[com.google.mlkit:common:17.3.0] AndroidManifest.xml:13:13-35
121
122        <activity
122-->[com.google.android.gms:play-services-base:17.6.0] AndroidManifest.xml:23:9-26:75
123            android:name="com.google.android.gms.common.api.GoogleApiActivity"
123-->[com.google.android.gms:play-services-base:17.6.0] AndroidManifest.xml:24:13-79
124            android:exported="false"
124-->[com.google.android.gms:play-services-base:17.6.0] AndroidManifest.xml:25:13-37
125            android:theme="@android:style/Theme.Translucent.NoTitleBar" />
125-->[com.google.android.gms:play-services-base:17.6.0] AndroidManifest.xml:26:13-72
126
127        <service
127-->[com.google.android.datatransport:transport-backend-cct:2.3.3] AndroidManifest.xml:29:9-35:19
128            android:name="com.google.android.datatransport.runtime.backends.TransportBackendDiscovery"
128-->[com.google.android.datatransport:transport-backend-cct:2.3.3] AndroidManifest.xml:30:13-103
129            android:exported="false" >
129-->[com.google.android.datatransport:transport-backend-cct:2.3.3] AndroidManifest.xml:31:13-37
130            <meta-data
130-->[com.google.android.datatransport:transport-backend-cct:2.3.3] AndroidManifest.xml:32:13-34:39
131                android:name="backend:com.google.android.datatransport.cct.CctBackendFactory"
131-->[com.google.android.datatransport:transport-backend-cct:2.3.3] AndroidManifest.xml:33:17-94
132                android:value="cct" />
132-->[com.google.android.datatransport:transport-backend-cct:2.3.3] AndroidManifest.xml:34:17-36
133        </service>
134        <service
134-->[com.google.android.datatransport:transport-runtime:2.2.6] AndroidManifest.xml:26:9-30:19
135            android:name="com.google.android.datatransport.runtime.scheduling.jobscheduling.JobInfoSchedulerService"
135-->[com.google.android.datatransport:transport-runtime:2.2.6] AndroidManifest.xml:27:13-117
136            android:exported="false"
136-->[com.google.android.datatransport:transport-runtime:2.2.6] AndroidManifest.xml:28:13-37
137            android:permission="android.permission.BIND_JOB_SERVICE" >
137-->[com.google.android.datatransport:transport-runtime:2.2.6] AndroidManifest.xml:29:13-69
138        </service>
139
140        <receiver
140-->[com.google.android.datatransport:transport-runtime:2.2.6] AndroidManifest.xml:32:9-34:40
141            android:name="com.google.android.datatransport.runtime.scheduling.jobscheduling.AlarmManagerSchedulerBroadcastReceiver"
141-->[com.google.android.datatransport:transport-runtime:2.2.6] AndroidManifest.xml:33:13-132
142            android:exported="false" />
142-->[com.google.android.datatransport:transport-runtime:2.2.6] AndroidManifest.xml:34:13-37
143
144        <provider
144-->[androidx.lifecycle:lifecycle-process:2.1.0] AndroidManifest.xml:23:9-27:43
145            android:name="androidx.lifecycle.ProcessLifecycleOwnerInitializer"
145-->[androidx.lifecycle:lifecycle-process:2.1.0] AndroidManifest.xml:24:13-79
146            android:authorities="com.google.mlkit.vision.demo.lifecycle-process"
146-->[androidx.lifecycle:lifecycle-process:2.1.0] AndroidManifest.xml:25:13-69
147            android:exported="false"
147-->[androidx.lifecycle:lifecycle-process:2.1.0] AndroidManifest.xml:26:13-37
148            android:multiprocess="true" />
148-->[androidx.lifecycle:lifecycle-process:2.1.0] AndroidManifest.xml:27:13-40
149    </application>
150
151</manifest>